<?xml version="1.0" encoding="UTF-8"?>
<!-- Generated by org.testng.reporters.JUnitReportReporter -->
<testsuite skipped="0" hostname="PC331282" name="com.wideroe.TestNGrunners.RunCucumberTests_Smoke" tests="1" failures="0" timestamp="22 May 2019 05:28:45 GMT" time="184.752" errors="0">
  <testcase name="Smoke Tests using chrome - feature - " time="184.752" classname="com.wideroe.TestNGrunners.RunCucumberTests_Smoke"/>
</testsuite> <!-- com.wideroe.TestNGrunners.RunCucumberTests_Smoke -->
